<?xml version="1.0" encoding="UTF-8"?>
<testsuite name="com.coreai.iality.ServerTest" tests="1" skipped="0" failures="0" errors="0" timestamp="2026-08-15T18:26:20.431Z" hostname="LENOVO5Ç" time="2.057">
  <properties/>
  <testcase name="testRoot" classname="com.coreai.iality.ServerTest" time="2.047"/>
  <system-out><![CDATA[2026-08-15 12:26:22.137 [DefaultDispatcher-worker-2 @call-context#3] INFO  io.ktor.test - No ktor.deployment.watch patterns specified, automatic reload is not active.
2026-08-15 12:26:22.203 [DefaultDispatcher-worker-2 @call-context#3] INFO  io.ktor.test - Application started in 0.096 seconds.
2026-08-15 12:26:22.213 [DefaultDispatcher-worker-1 @coroutine#4] INFO  io.ktor.test - Responding at http://localhost:80
2026-08-15 12:26:22.213 [DefaultDispatcher-worker-1 @coroutine#4] INFO  io.ktor.test - Responding at https://localhost:443
]]></system-out>
  <system-err><![CDATA[]]></system-err>
</testsuite>
