<?xml version="1.0" encoding="UTF-8"?>
<testsuite name="com.coreai.ServerTest" tests="1" skipped="0" failures="0" errors="0" timestamp="2026-07-07T18:00:44.434Z" hostname="DESKTOP-THH4IH3" time="0.981">
  <properties/>
  <testcase name="test root endpoint" classname="com.coreai.ServerTest" time="0.977"/>
  <system-out><![CDATA[2026-07-07 12:00:45.218 [DefaultDispatcher-worker-1 @call-context#3] INFO  io.ktor.test - No ktor.deployment.watch patterns specified, automatic reload is not active.
===== INIT DATABASE =====
===== DATABASE CONECTADA =====
2026-07-07 12:00:45.336 [DefaultDispatcher-worker-1 @call-context#3] INFO  io.ktor.test - Application started in 0.133 seconds.
2026-07-07 12:00:45.338 [DefaultDispatcher-worker-2 @coroutine#5] INFO  io.ktor.test - Responding at http://localhost:80
2026-07-07 12:00:45.338 [DefaultDispatcher-worker-2 @coroutine#5] INFO  io.ktor.test - Responding at https://localhost:443
]]></system-out>
  <system-err><![CDATA[]]></system-err>
</testsuite>
